#
# There is insufficient memory for the Java Runtime Environment to continue.
# Native memory allocation (mmap) failed to map 130023424 bytes. Error detail: G1 virtual space
# Possible reasons:
#   The system is out of physical RAM or swap space
#   This process is running with CompressedOops enabled, and the Java Heap may be blocking the growth of the native heap
# Possible solutions:
#   Reduce memory load on the system
#   Increase physical memory or swap space
#   Check if swap backing store is full
#   Decrease Java heap size (-Xmx/-Xms)
#   Decrease number of Java threads
#   Decrease Java thread stack sizes (-Xss)
#   Set larger code cache with -XX:ReservedCodeCacheSize=
#   JVM is running with Unscaled Compressed Oops mode in which the Java heap is
#     placed in the first 4GB address space. The Java Heap base address is the
#     maximum limit for the native heap growth. Please use -XX:HeapBaseMinAddress
#     to set the Java Heap base and to place the Java Heap above 4GB virtual address.
# This output file may be truncated or incomplete.
#
#  Out of Memory Error (os_windows.cpp:3707), pid=7812, tid=9096
#
# JRE version:  (23.0.2+7) (build )
# Java VM: Java HotSpot(TM) 64-Bit Server VM (23.0.2+7-58, mixed mode, sharing, tiered, compressed oops, compressed class ptrs, g1 gc, windows-amd64)
# No core dump will be written. Minidumps are not enabled by default on client versions of Windows
#

---------------  S U M M A R Y ------------

Command Line: -Dfile.encoding=UTF-8 --module-path=C:\Users\Ant\Desktop\Óíčę 3 ęóđń\6 ńĺě\Java\lab4_copy\lab4_java\build\classes lab1_java.IntegralClient

Host: 11th Gen Intel(R) Core(TM) i5-11400H @ 2.70GHz, 12 cores, 7G,  Windows 10 , 64 bit Build 18362 (10.0.18362.86)
Time: Sun Mar  2 21:34:14 2025 RTZ 2 (çčěŕ) elapsed time: 0.011628 seconds (0d 0h 0m 0s)

---------------  T H R E A D  ---------------

Current thread (0x00000182f0918ca0):  JavaThread "Unknown thread" [_thread_in_vm, id=9096, stack(0x00000045a0700000,0x00000045a0800000) (1024K)]

Stack: [0x00000045a0700000,0x00000045a0800000]
Native frames: (J=compiled Java code, j=interpreted, Vv=VM code, C=native code)
V  [jvm.dll+0x6e0b99]  (no source info available)
V  [jvm.dll+0x87e2b3]  (no source info available)
V  [jvm.dll+0x88073e]  (no source info available)
V  [jvm.dll+0x880e13]  (no source info available)
V  [jvm.dll+0x27b006]  (no source info available)
V  [jvm.dll+0x6dd485]  (no source info available)
V  [jvm.dll+0x6d127a]  (no source info available)
V  [jvm.dll+0x35b50a]  (no source info available)
V  [jvm.dll+0x363916]  (no source info available)
V  [jvm.dll+0x34fe7e]  (no source info available)
V  [jvm.dll+0x350118]  (no source info available)
V  [jvm.dll+0x328aec]  (no source info available)
V  [jvm.dll+0x32978e]  (no source info available)
V  [jvm.dll+0x8449a5]  (no source info available)
V  [jvm.dll+0x3b9a08]  (no source info available)
V  [jvm.dll+0x82d68c]  (no source info available)
V  [jvm.dll+0x454f2e]  (no source info available)
V  [jvm.dll+0x456db1]  (no source info available)
C  [jli.dll+0x52a3]  (no source info available)
C  [ucrtbase.dll+0x1d912]  (no source info available)
C  [KERNEL32.DLL+0x17bd4]  (no source info available)
C  [ntdll.dll+0x6ce71]  (no source info available)

Lock stack of current Java thread (top to bottom):


---------------  P R O C E S S  ---------------

Threads class SMR info:
_java_thread_list=0x00007ff9a7db4618, length=0, elements={
}

Java Threads: ( => current thread )
Total: 0

Other Threads:
  0x00000182f2cfdbf0 WorkerThread "GC Thread#0"                     [id=12156, stack(0x00000045a0800000,0x00000045a0900000) (1024K)]
  0x00000182f2d120b0 ConcurrentGCThread "G1 Main Marker"            [id=7264, stack(0x00000045a0900000,0x00000045a0a00000) (1024K)]
  0x00000182f2d12e10 WorkerThread "G1 Conc#0"                       [id=6236, stack(0x00000045a0a00000,0x00000045a0b00000) (1024K)]

[error occurred during error reporting (printing all threads), id 0xc0000005, EXCEPTION_ACCESS_VIOLATION (0xc0000005) at pc=0x00007ff9a74fc0da]
VM state: not at safepoint (not fully initialized)

VM Mutex/Monitor currently owned by a thread:  ([mutex/lock_event])
[0x00007ff9a7e34988] Heap_lock - owner thread: 0x00000182f0918ca0

Heap address: 0x0000000084a00000, size: 1974 MB, Compressed Oops mode: 32-bit

CDS archive(s) mapped at: [0x0000000000000000-0x0000000000000000-0x0000000000000000), size 0, SharedBaseAddress: 0x0000000800000000, ArchiveRelocationMode: 1.
Narrow klass base: 0x0000000000000000, Narrow klass shift: 0, Narrow klass range: 0x0

GC Precious Log:
 CardTable entry size: 512
 Card Set container configuration: InlinePtr #cards 5 size 8 Array Of Cards #cards 10 size 36 Howl #buckets 4 coarsen threshold 1843 Howl Bitmap #cards 512 size 80 coarsen threshold 460 Card regions per heap region 1 cards per card region 2048

Heap:
 garbage-first heap   total reserved 2021376K, committed 0K, used 0K [0x0000000084a00000, 0x0000000100000000)
  region size 1024K, 0 young (0K), 0 survivors (0K)

[error occurred during error reporting (printing heap information), id 0xc0000005, EXCEPTION_ACCESS_VIOLATION (0xc0000005) at pc=0x00007ff9a78fc6a9]
GC Heap History (0 events):
No events

Dll operation events (1 events):
Event: 0.006 Loaded shared library C:\Program Files\Java\jdk-23\bin\java.dll

Deoptimization events (0 events):
No events

Classes loaded (0 events):
No events

Classes unloaded (0 events):
No events

Classes redefined (0 events):
No events

Internal exceptions (0 events):
No events

VM Operations (0 events):
No events

Memory protections (0 events):
No events

Nmethod flushes (0 events):
No events

Events (0 events):
No events


Dynamic libraries:
0x00007ff704310000 - 0x00007ff704320000 	C:\Program Files\Java\jdk-23\bin\java.exe
0x00007ffa025a0000 - 0x00007ffa02790000 	C:\Windows\SYSTEM32\ntdll.dll
0x00007ffa02480000 - 0x00007ffa02532000 	C:\Windows\System32\KERNEL32.DLL
0x00007ff9ff570000 - 0x00007ff9ff813000 	C:\Windows\System32\KERNELBASE.dll
0x00007ffa005a0000 - 0x00007ffa0069a000 	C:\Windows\System32\ucrtbase.dll
0x00007ff9e59c0000 - 0x00007ff9e59db000 	C:\Program Files\Java\jdk-23\bin\VCRUNTIME140.dll
0x00007ff9d01a0000 - 0x00007ff9d01b7000 	C:\Program Files\Java\jdk-23\bin\jli.dll
0x00007ffa011a0000 - 0x00007ffa01333000 	C:\Windows\System32\USER32.dll
0x00007ff9e6df0000 - 0x00007ff9e7075000 	C:\Windows\WinSxS\amd64_microsoft.windows.common-controls_6595b64144ccf1df_6.0.18362.175_none_e6c3ab1f131014c9\COMCTL32.dll
0x00007ff9ff850000 - 0x00007ff9ff871000 	C:\Windows\System32\win32u.dll
0x00007ffa023e0000 - 0x00007ffa0247e000 	C:\Windows\System32\msvcrt.dll
0x00007ffa01810000 - 0x00007ffa01836000 	C:\Windows\System32\GDI32.dll
0x00007ffa00c00000 - 0x00007ffa00f36000 	C:\Windows\System32\combase.dll
0x00007ff9ff880000 - 0x00007ff9ffa14000 	C:\Windows\System32\gdi32full.dll
0x00007ffa01fe0000 - 0x00007ffa02100000 	C:\Windows\System32\RPCRT4.dll
0x00007ffa00450000 - 0x00007ffa004ee000 	C:\Windows\System32\msvcp_win.dll
0x00007ffa00360000 - 0x00007ffa003e1000 	C:\Windows\System32\bcryptPrimitives.dll
0x00007ffa01fb0000 - 0x00007ffa01fde000 	C:\Windows\System32\IMM32.DLL
0x00007ff9f8040000 - 0x00007ff9f804c000 	C:\Program Files\Java\jdk-23\bin\vcruntime140_1.dll
0x00007ff9bf990000 - 0x00007ff9bfa1e000 	C:\Program Files\Java\jdk-23\bin\msvcp140.dll
0x00007ff9a71c0000 - 0x00007ff9a7f10000 	C:\Program Files\Java\jdk-23\bin\server\jvm.dll
0x00007ffa010f0000 - 0x00007ffa01193000 	C:\Windows\System32\ADVAPI32.dll
0x00007ffa00700000 - 0x00007ffa00797000 	C:\Windows\System32\sechost.dll
0x00007ff9ff4c0000 - 0x00007ff9ff50a000 	C:\Windows\System32\POWRPROF.dll
0x00007ff9ff4b0000 - 0x00007ff9ff4c0000 	C:\Windows\System32\UMPDC.dll
0x00007ffa01f40000 - 0x00007ffa01faf000 	C:\Windows\System32\WS2_32.dll
0x00007ff9f9580000 - 0x00007ff9f95a4000 	C:\Windows\SYSTEM32\WINMM.dll
0x00007ff9f6090000 - 0x00007ff9f609a000 	C:\Windows\SYSTEM32\VERSION.dll
0x00007ff9f90f0000 - 0x00007ff9f911d000 	C:\Windows\SYSTEM32\winmmbase.dll
0x00007ff9ffa20000 - 0x00007ff9ffa6a000 	C:\Windows\System32\cfgmgr32.dll
0x00007ff9ff510000 - 0x00007ff9ff521000 	C:\Windows\System32\kernel.appcore.dll
0x00007ff9f8010000 - 0x00007ff9f801a000 	C:\Program Files\Java\jdk-23\bin\jimage.dll
0x00007ff9fdc60000 - 0x00007ff9fde54000 	C:\Windows\SYSTEM32\DBGHELP.DLL
0x00007ff9e3890000 - 0x00007ff9e38ba000 	C:\Windows\SYSTEM32\dbgcore.DLL
0x00007ff9e5600000 - 0x00007ff9e561e000 	C:\Program Files\Java\jdk-23\bin\java.dll
0x00007ffa02100000 - 0x00007ffa02256000 	C:\Windows\System32\ole32.dll
0x00007ffa01860000 - 0x00007ffa01f40000 	C:\Windows\System32\SHELL32.dll
0x00007ffa00830000 - 0x00007ffa008d9000 	C:\Windows\System32\shcore.dll
0x00007ff9ffbc0000 - 0x00007ffa0033b000 	C:\Windows\System32\windows.storage.dll
0x00007ff9ff530000 - 0x00007ff9ff54f000 	C:\Windows\System32\profapi.dll
0x00007ffa01340000 - 0x00007ffa01392000 	C:\Windows\System32\shlwapi.dll
0x00007ffa00340000 - 0x00007ffa00357000 	C:\Windows\System32\cryptsp.dll
0x0000000060530000 - 0x0000000060547000 	C:\Program Files\Common Files\Crypto Pro\AppCompat\cpadvai.dll
0x0000000060550000 - 0x0000000060556000 	C:\Program Files\Common Files\Crypto Pro\AppCompat\detoured.dll

dbghelp: loaded successfully - version: 4.0.5 - missing functions: none
symbol engine: initialized successfully - sym options: 0x614 - pdb path: .;C:\Program Files\Java\jdk-23\bin;C:\Windows\SYSTEM32;C:\Windows\WinSxS\amd64_microsoft.windows.common-controls_6595b64144ccf1df_6.0.18362.175_none_e6c3ab1f131014c9;C:\Program Files\Java\jdk-23\bin\server;C:\Program Files\Common Files\Crypto Pro\AppCompat

VM Arguments:
jvm_args: -Dfile.encoding=UTF-8 --module-path=C:\Users\Ant\Desktop\Óíčę 3 ęóđń\6 ńĺě\Java\lab4_copy\lab4_java\build\classes 
java_command: lab1_java.IntegralClient
java_class_path (initial): C:\Users\Ant\Desktop\Óíčę 3 ęóđń\6 ńĺě\Java\lab4_copy\lab4_java\build\classes
Launcher Type: SUN_STANDARD

[Global flags]
     intx CICompilerCount                          = 4                                         {product} {ergonomic}
     uint ConcGCThreads                            = 3                                         {product} {ergonomic}
     uint G1ConcRefinementThreads                  = 10                                        {product} {ergonomic}
   size_t G1HeapRegionSize                         = 1048576                                   {product} {ergonomic}
   size_t InitialHeapSize                          = 130023424                                 {product} {ergonomic}
   size_t MarkStackSize                            = 4194304                                   {product} {ergonomic}
   size_t MarkStackSizeMax                         = 536870912                                 {product} {ergonomic}
   size_t MaxHeapSize                              = 2069889024                                {product} {ergonomic}
   size_t MinHeapDeltaBytes                        = 1048576                                   {product} {ergonomic}
   size_t MinHeapSize                              = 8388608                                   {product} {ergonomic}
    uintx NonNMethodCodeHeapSize                   = 5832704                                {pd product} {ergonomic}
    uintx NonProfiledCodeHeapSize                  = 122945536                              {pd product} {ergonomic}
    uintx ProfiledCodeHeapSize                     = 122880000                              {pd product} {ergonomic}
    uintx ReservedCodeCacheSize                    = 251658240                              {pd product} {ergonomic}
     bool SegmentedCodeCache                       = true                                      {product} {ergonomic}
   size_t SoftMaxHeapSize                          = 2069889024                             {manageable} {ergonomic}
     bool UseCompressedOops                        = true                           {product lp64_product} {ergonomic}
     bool UseG1GC                                  = true                                      {product} {ergonomic}
     bool UseLargePagesIndividualAllocation        = false                                  {pd product} {ergonomic}

Logging:
Log output configuration:
 #0: stdout all=warning uptime,level,tags foldmultilines=false
 #1: stderr all=off uptime,level,tags foldmultilines=false

Environment Variables:
PATH=C:\Program Files\Common Files\Oracle\Java\javapath;C:\Program Files (x86)\Common Files\Oracle\Java\javapath;C:\Windows\system32;C:\Windows;C:\Windows\System32\Wbem;C:\Windows\System32\WindowsPowerShell\v1.0\;C:\Program Files (x86)\NVIDIA Corporation\PhysX\Common;C:\Program Files\NVIDIA Corporation\NVIDIA NvDLISR;C:\Program Files\Git\cmd;C:\Xilinx91i\bin\nt64;C:\Program Files\dotnet\;C:\Program Files\Microsoft SQL Server\150\Tools\Binn\;C:\Program Files\Microsoft SQL Server\Client SDK\ODBC\170\Tools\Binn\;C:\Users\Ant\AppData\Local\Programs\Python\Python313\Scripts\;C:\Users\Ant\AppData\Local\Programs\Python\Python313\;C:\Users\Ant\AppData\Local\Programs\Python\Launcher\;C:\Users\Ant\AppData\Local\Microsoft\WindowsApps;C:\Users\Ant\AppData\Local\atom\bin;C:\Users\Ant\.dotnet\tools
USERNAME=Ant
OS=Windows_NT
PROCESSOR_IDENTIFIER=Intel64 Family 6 Model 141 Stepping 1, GenuineIntel
TMP=C:\Temp
TEMP=C:\Temp




Periodic native trim disabled

---------------  S Y S T E M  ---------------

OS:
 Windows 10 , 64 bit Build 18362 (10.0.18362.86)
OS uptime: 0 days 7:38 hours

CPU: total 12 (initial active 12) (6 cores per cpu, 2 threads per core) family 6 model 141 stepping 1 microcode 0x26, cx8, cmov, fxsr, ht, mmx, 3dnowpref, sse, sse2, sse3, ssse3, sse4.1, sse4.2, popcnt, lzcnt, tsc, tscinvbit, avx, avx2, aes, erms, clmul, bmi1, bmi2, adx, avx512f, avx512dq, avx512cd, avx512bw, avx512vl, sha, fma, vzeroupper, avx512_vpopcntdq, avx512_vpclmulqdq, avx512_vaes, avx512_vnni, clflush, clflushopt, clwb, avx512_vbmi2, avx512_vbmi, rdtscp, rdpid, fsrm, gfni, avx512_bitalg, f16c, pku, cet_ibt, cet_ss, avx512_ifma
Processor Information for the first 12 processors :
  Max Mhz: 2688, Current Mhz: 2688, Mhz Limit: 2688

Memory: 4k page, system-wide physical 7893M (2508M free)
TotalPageFile size 7893M (AvailPageFile size 117M)
current process WorkingSet (physical memory assigned to process): 12M, peak: 12M
current process commit charge ("private bytes"): 65M, peak: 189M

vm_info: Java HotSpot(TM) 64-Bit Server VM (23.0.2+7-58) for windows-amd64 JRE (23.0.2+7-58), built on 2024-11-29T09:34:55Z with MS VC++ 17.6 (VS2022)

END.
